# JRE version: Java(TM) SE Runtime Environment (8.0_202-b08) (build 1.8.0_202-b08)
# Java VM: Java HotSpot(TM) 64-Bit Server VM (25.202-b08 mixed mode windows-amd64 compressed oops)
Heap:
 PSYoungGen      total 743424K, used 69540K [0x000000076ab00000, 0x000000079f400000, 0x00000007c0000000)
  eden space 694272K, 10% used [0x000000076ab00000,0x000000076eee93c8,0x0000000795100000)
  from space 49152K, 0% used [0x0000000798e00000,0x0000000798e00000,0x000000079be00000)
  to   space 62464K, 0% used [0x0000000795100000,0x0000000795100000,0x0000000798e00000)
 ParOldGen       total 374272K, used 105704K [0x00000006c0000000, 0x00000006d6d80000, 0x000000076ab00000)
  object space 374272K, 28% used [0x00000006c0000000,0x00000006c673a030,0x00000006d6d80000)
 Metaspace       used 37313K, capacity 37747K, committed 38104K, reserved 1083392K
  class space    used 4957K, capacity 5088K, committed 5120K, reserved 1048576K
GC Heap History (10 events):
Event: 12.983 GC heap before
{Heap before GC invocations=7 (full 2):
 PSYoungGen      total 284672K, used 21475K [0x000000076ab00000, 0x000000078d700000, 0x00000007c0000000)
  eden space 263168K, 0% used [0x000000076ab00000,0x000000076ab00000,0x000000077ac00000)
  from space 21504K, 99% used [0x000000077ac00000,0x000000077c0f8db8,0x000000077c100000)
  to   space 21504K, 0% used [0x000000078c200000,0x000000078c200000,0x000000078d700000)
 ParOldGen       total 349696K, used 49336K [0x00000006c0000000, 0x00000006d5580000, 0x000000076ab00000)
  object space 349696K, 14% used [0x00000006c0000000,0x00000006c302e150,0x00000006d5580000)
 Metaspace       used 21800K, capacity 22166K, committed 22400K, reserved 1069056K
  class space    used 2690K, capacity 2823K, committed 2944K, reserved 1048576K
Event: 13.226 GC heap after
Heap after GC invocations=7 (full 2):
 PSYoungGen      total 284672K, used 0K [0x000000076ab00000, 0x000000078d700000, 0x00000007c0000000)
  eden space 263168K, 0% used [0x000000076ab00000,0x000000076ab00000,0x000000077ac00000)
  from space 21504K, 0% used [0x000000077ac00000,0x000000077ac00000,0x000000077c100000)
  to   space 21504K, 0% used [0x000000078c200000,0x000000078c200000,0x000000078d700000)
 ParOldGen       total 349696K, used 45634K [0x00000006c0000000, 0x00000006d5580000, 0x000000076ab00000)
  object space 349696K, 13% used [0x00000006c0000000,0x00000006c2c90aa8,0x00000006d5580000)
 Metaspace       used 21800K, capacity 22166K, committed 22400K, reserved 1069056K
  class space    used 2690K, capacity 2823K, committed 2944K, reserved 1048576K
}
Event: 16.814 GC heap before
{Heap before GC invocations=8 (full 2):
 PSYoungGen      total 284672K, used 263168K [0x000000076ab00000, 0x000000078d700000, 0x00000007c0000000)
  eden space 263168K, 100% used [0x000000076ab00000,0x000000077ac00000,0x000000077ac00000)
  from space 21504K, 0% used [0x000000077ac00000,0x000000077ac00000,0x000000077c100000)
  to   space 21504K, 0% used [0x000000078c200000,0x000000078c200000,0x000000078d700000)
 ParOldGen       total 349696K, used 45634K [0x00000006c0000000, 0x00000006d5580000, 0x000000076ab00000)
  object space 349696K, 13% used [0x00000006c0000000,0x00000006c2c90aa8,0x00000006d5580000)
 Metaspace       used 25469K, capacity 25808K, committed 26240K, reserved 1073152K
  class space    used 3246K, capacity 3376K, committed 3456K, reserved 1048576K
Event: 16.891 GC heap after
Heap after GC invocations=8 (full 2):
 PSYoungGen      total 452608K, used 13988K [0x000000076ab00000, 0x000000078d000000, 0x00000007c0000000)
  eden space 438272K, 0% used [0x000000076ab00000,0x000000076ab00000,0x0000000785700000)
  from space 14336K, 97% used [0x000000078c200000,0x000000078cfa9388,0x000000078d000000)
  to   space 47104K, 0% used [0x0000000787400000,0x0000000787400000,0x000000078a200000)
 ParOldGen       total 349696K, used 45642K [0x00000006c0000000, 0x00000006d5580000, 0x000000076ab00000)
  object space 349696K, 13% used [0x00000006c0000000,0x00000006c2c92aa8,0x00000006d5580000)
 Metaspace       used 25469K, capacity 25808K, committed 26240K, reserved 1073152K
  class space    used 3246K, capacity 3376K, committed 3456K, reserved 1048576K
}
Event: 23.875 GC heap before
{Heap before GC invocations=9 (full 2):
 PSYoungGen      total 452608K, used 452260K [0x000000076ab00000, 0x000000078d000000, 0x00000007c0000000)
  eden space 438272K, 100% used [0x000000076ab00000,0x0000000785700000,0x0000000785700000)
  from space 14336K, 97% used [0x000000078c200000,0x000000078cfa9388,0x000000078d000000)
  to   space 47104K, 0% used [0x0000000787400000,0x0000000787400000,0x000000078a200000)
 ParOldGen       total 349696K, used 45642K [0x00000006c0000000, 0x00000006d5580000, 0x000000076ab00000)
  object space 349696K, 13% used [0x00000006c0000000,0x00000006c2c92aa8,0x00000006d5580000)
 Metaspace       used 31448K, capacity 31892K, committed 32256K, reserved 1077248K
  class space    used 4359K, capacity 4486K, committed 4608K, reserved 1048576K
Event: 23.961 GC heap after
Heap after GC invocations=9 (full 2):
 PSYoungGen      total 515072K, used 34761K [0x000000076ab00000, 0x000000079be00000, 0x00000007c0000000)
  eden space 467968K, 0% used [0x000000076ab00000,0x000000076ab00000,0x0000000787400000)
  from space 47104K, 73% used [0x0000000787400000,0x00000007895f2400,0x000000078a200000)
  to   space 49152K, 0% used [0x0000000798e00000,0x0000000798e00000,0x000000079be00000)
 ParOldGen       total 349696K, used 45650K [0x00000006c0000000, 0x00000006d5580000, 0x000000076ab00000)
  object space 349696K, 13% used [0x00000006c0000000,0x00000006c2c94aa8,0x00000006d5580000)
 Metaspace       used 31448K, capacity 31892K, committed 32256K, reserved 1077248K
  class space    used 4359K, capacity 4486K, committed 4608K, reserved 1048576K
}
Event: 33.791 GC heap before
{Heap before GC invocations=10 (full 2):
 PSYoungGen      total 515072K, used 339873K [0x000000076ab00000, 0x000000079be00000, 0x00000007c0000000)
  eden space 467968K, 65% used [0x000000076ab00000,0x000000077d4f6348,0x0000000787400000)
  from space 47104K, 73% used [0x0000000787400000,0x00000007895f2400,0x000000078a200000)
  to   space 49152K, 0% used [0x0000000798e00000,0x0000000798e00000,0x000000079be00000)
 ParOldGen       total 349696K, used 45650K [0x00000006c0000000, 0x00000006d5580000, 0x000000076ab00000)
  object space 349696K, 13% used [0x00000006c0000000,0x00000006c2c94aa8,0x00000006d5580000)
 Metaspace       used 36530K, capacity 36953K, committed 37336K, reserved 1081344K
  class space    used 4872K, capacity 5013K, committed 5120K, reserved 1048576K
Event: 33.948 GC heap after
Heap after GC invocations=10 (full 2):
 PSYoungGen      total 743424K, used 49122K [0x000000076ab00000, 0x000000079f400000, 0x00000007c0000000)
  eden space 694272K, 0% used [0x000000076ab00000,0x000000076ab00000,0x0000000795100000)
  from space 49152K, 99% used [0x0000000798e00000,0x000000079bdf8810,0x000000079be00000)
  to   space 62464K, 0% used [0x0000000795100000,0x0000000795100000,0x0000000798e00000)
 ParOldGen       total 349696K, used 59932K [0x00000006c0000000, 0x00000006d5580000, 0x000000076ab00000)
  object space 349696K, 17% used [0x00000006c0000000,0x00000006c3a873c0,0x00000006d5580000)
 Metaspace       used 36530K, capacity 36953K, committed 37336K, reserved 1081344K
  class space    used 4872K, capacity 5013K, committed 5120K, reserved 1048576K
}
Event: 33.948 GC heap before
{Heap before GC invocations=11 (full 3):
 PSYoungGen      total 743424K, used 49122K [0x000000076ab00000, 0x000000079f400000, 0x00000007c0000000)
  eden space 694272K, 0% used [0x000000076ab00000,0x000000076ab00000,0x0000000795100000)
  from space 49152K, 99% used [0x0000000798e00000,0x000000079bdf8810,0x000000079be00000)
  to   space 62464K, 0% used [0x0000000795100000,0x0000000795100000,0x0000000798e00000)
 ParOldGen       total 349696K, used 59932K [0x00000006c0000000, 0x00000006d5580000, 0x000000076ab00000)
  object space 349696K, 17% used [0x00000006c0000000,0x00000006c3a873c0,0x00000006d5580000)
 Metaspace       used 36530K, capacity 36953K, committed 37336K, reserved 1081344K
  class space    used 4872K, capacity 5013K, committed 5120K, reserved 1048576K
Event: 34.568 GC heap after
Heap after GC invocations=11 (full 3):
 PSYoungGen      total 743424K, used 0K [0x000000076ab00000, 0x000000079f400000, 0x00000007c0000000)
  eden space 694272K, 0% used [0x000000076ab00000,0x000000076ab00000,0x0000000795100000)
  from space 49152K, 0% used [0x0000000798e00000,0x0000000798e00000,0x000000079be00000)
  to   space 62464K, 0% used [0x0000000795100000,0x0000000795100000,0x0000000798e00000)
 ParOldGen       total 374272K, used 105704K [0x00000006c0000000, 0x00000006d6d80000, 0x000000076ab00000)
  object space 374272K, 28% used [0x00000006c0000000,0x00000006c673a030,0x00000006d6d80000)
 Metaspace       used 36530K, capacity 36953K, committed 37336K, reserved 1081344K
  class space    used 4872K, capacity 5013K, committed 5120K, reserved 1048576K
}

