# JRE version: Java(TM) SE Runtime Environment (8.0_202-b08) (build 1.8.0_202-b08)
# Java VM: Java HotSpot(TM) 64-Bit Server VM (25.202-b08 mixed mode windows-amd64 compressed oops)
Heap:
 PSYoungGen      total 734208K, used 655281K [0x000000076ab00000, 0x00000007aba80000, 0x00000007c0000000)
  eden space 670720K, 94% used [0x000000076ab00000,0x000000079163ab98,0x0000000793a00000)
  from space 63488K, 33% used [0x0000000793a00000,0x0000000794eb1b48,0x0000000797800000)
  to   space 61440K, 0% used [0x00000007a7e80000,0x00000007a7e80000,0x00000007aba80000)
 ParOldGen       total 398336K, used 108539K [0x00000006c0000000, 0x00000006d8500000, 0x000000076ab00000)
  object space 398336K, 27% used [0x00000006c0000000,0x00000006c69fef68,0x00000006d8500000)
 Metaspace       used 49775K, capacity 50469K, committed 50904K, reserved 1093632K
  class space    used 6344K, capacity 6543K, committed 6616K, reserved 1048576K
GC Heap History (10 events):
Event: 28.195 GC heap before
{Heap before GC invocations=8 (full 2):
 PSYoungGen      total 284672K, used 263168K [0x000000076ab00000, 0x000000078d700000, 0x00000007c0000000)
  eden space 263168K, 100% used [0x000000076ab00000,0x000000077ac00000,0x000000077ac00000)
  from space 21504K, 0% used [0x000000077ac00000,0x000000077ac00000,0x000000077c100000)
  to   space 21504K, 0% used [0x000000078c200000,0x000000078c200000,0x000000078d700000)
 ParOldGen       total 349696K, used 45907K [0x00000006c0000000, 0x00000006d5580000, 0x000000076ab00000)
  object space 349696K, 13% used [0x00000006c0000000,0x00000006c2cd4d18,0x00000006d5580000)
 Metaspace       used 25423K, capacity 25796K, committed 26072K, reserved 1073152K
  class space    used 3158K, capacity 3280K, committed 3288K, reserved 1048576K
Event: 28.274 GC heap after
Heap after GC invocations=8 (full 2):
 PSYoungGen      total 443904K, used 12533K [0x000000076ab00000, 0x000000078ce80000, 0x00000007c0000000)
  eden space 431104K, 0% used [0x000000076ab00000,0x000000076ab00000,0x0000000785000000)
  from space 12800K, 97% used [0x000000078c200000,0x000000078ce3d468,0x000000078ce80000)
  to   space 49664K, 0% used [0x0000000786d80000,0x0000000786d80000,0x0000000789e00000)
 ParOldGen       total 349696K, used 45915K [0x00000006c0000000, 0x00000006d5580000, 0x000000076ab00000)
  object space 349696K, 13% used [0x00000006c0000000,0x00000006c2cd6d18,0x00000006d5580000)
 Metaspace       used 25423K, capacity 25796K, committed 26072K, reserved 1073152K
  class space    used 3158K, capacity 3280K, committed 3288K, reserved 1048576K
}
Event: 43.823 GC heap before
{Heap before GC invocations=9 (full 2):
 PSYoungGen      total 443904K, used 443637K [0x000000076ab00000, 0x000000078ce80000, 0x00000007c0000000)
  eden space 431104K, 100% used [0x000000076ab00000,0x0000000785000000,0x0000000785000000)
  from space 12800K, 97% used [0x000000078c200000,0x000000078ce3d468,0x000000078ce80000)
  to   space 49664K, 0% used [0x0000000786d80000,0x0000000786d80000,0x0000000789e00000)
 ParOldGen       total 349696K, used 45915K [0x00000006c0000000, 0x00000006d5580000, 0x000000076ab00000)
  object space 349696K, 13% used [0x00000006c0000000,0x00000006c2cd6d18,0x00000006d5580000)
 Metaspace       used 31336K, capacity 31726K, committed 32216K, reserved 1077248K
  class space    used 4317K, capacity 4445K, committed 4568K, reserved 1048576K
Event: 44.014 GC heap after
Heap after GC invocations=9 (full 2):
 PSYoungGen      total 510976K, used 30414K [0x000000076ab00000, 0x000000079a780000, 0x00000007c0000000)
  eden space 461312K, 0% used [0x000000076ab00000,0x000000076ab00000,0x0000000786d80000)
  from space 49664K, 61% used [0x0000000786d80000,0x0000000788b33ae0,0x0000000789e00000)
  to   space 48640K, 0% used [0x0000000797800000,0x0000000797800000,0x000000079a780000)
 ParOldGen       total 349696K, used 45923K [0x00000006c0000000, 0x00000006d5580000, 0x000000076ab00000)
  object space 349696K, 13% used [0x00000006c0000000,0x00000006c2cd8d18,0x00000006d5580000)
 Metaspace       used 31336K, capacity 31726K, committed 32216K, reserved 1077248K
  class space    used 4317K, capacity 4445K, committed 4568K, reserved 1048576K
}
Event: 64.272 GC heap before
{Heap before GC invocations=10 (full 2):
 PSYoungGen      total 510976K, used 436941K [0x000000076ab00000, 0x000000079a780000, 0x00000007c0000000)
  eden space 461312K, 88% used [0x000000076ab00000,0x00000007837ffab0,0x0000000786d80000)
  from space 49664K, 61% used [0x0000000786d80000,0x0000000788b33ae0,0x0000000789e00000)
  to   space 48640K, 0% used [0x0000000797800000,0x0000000797800000,0x000000079a780000)
 ParOldGen       total 349696K, used 45923K [0x00000006c0000000, 0x00000006d5580000, 0x000000076ab00000)
  object space 349696K, 13% used [0x00000006c0000000,0x00000006c2cd8d18,0x00000006d5580000)
 Metaspace       used 36891K, capacity 37305K, committed 37696K, reserved 1081344K
  class space    used 4879K, capacity 5017K, committed 5080K, reserved 1048576K
Event: 64.732 GC heap after
Heap after GC invocations=10 (full 2):
 PSYoungGen      total 719360K, used 48611K [0x000000076ab00000, 0x000000079e800000, 0x00000007c0000000)
  eden space 670720K, 0% used [0x000000076ab00000,0x000000076ab00000,0x0000000793a00000)
  from space 48640K, 99% used [0x0000000797800000,0x000000079a778c08,0x000000079a780000)
  to   space 63488K, 0% used [0x0000000793a00000,0x0000000793a00000,0x0000000797800000)
 ParOldGen       total 349696K, used 63335K [0x00000006c0000000, 0x00000006d5580000, 0x000000076ab00000)
  object space 349696K, 18% used [0x00000006c0000000,0x00000006c3dd9db0,0x00000006d5580000)
 Metaspace       used 36891K, capacity 37305K, committed 37696K, reserved 1081344K
  class space    used 4879K, capacity 5017K, committed 5080K, reserved 1048576K
}
Event: 64.732 GC heap before
{Heap before GC invocations=11 (full 3):
 PSYoungGen      total 719360K, used 48611K [0x000000076ab00000, 0x000000079e800000, 0x00000007c0000000)
  eden space 670720K, 0% used [0x000000076ab00000,0x000000076ab00000,0x0000000793a00000)
  from space 48640K, 99% used [0x0000000797800000,0x000000079a778c08,0x000000079a780000)
  to   space 63488K, 0% used [0x0000000793a00000,0x0000000793a00000,0x0000000797800000)
 ParOldGen       total 349696K, used 63335K [0x00000006c0000000, 0x00000006d5580000, 0x000000076ab00000)
  object space 349696K, 18% used [0x00000006c0000000,0x00000006c3dd9db0,0x00000006d5580000)
 Metaspace       used 36891K, capacity 37305K, committed 37696K, reserved 1081344K
  class space    used 4879K, capacity 5017K, committed 5080K, reserved 1048576K
Event: 67.150 GC heap after
Heap after GC invocations=11 (full 3):
 PSYoungGen      total 719360K, used 0K [0x000000076ab00000, 0x000000079e800000, 0x00000007c0000000)
  eden space 670720K, 0% used [0x000000076ab00000,0x000000076ab00000,0x0000000793a00000)
  from space 48640K, 0% used [0x0000000797800000,0x0000000797800000,0x000000079a780000)
  to   space 63488K, 0% used [0x0000000793a00000,0x0000000793a00000,0x0000000797800000)
 ParOldGen       total 398336K, used 108523K [0x00000006c0000000, 0x00000006d8500000, 0x000000076ab00000)
  object space 398336K, 27% used [0x00000006c0000000,0x00000006c69faf68,0x00000006d8500000)
 Metaspace       used 36891K, capacity 37305K, committed 37696K, reserved 1081344K
  class space    used 4879K, capacity 5017K, committed 5080K, reserved 1048576K
}
Event: 104.289 GC heap before
{Heap before GC invocations=12 (full 3):
 PSYoungGen      total 719360K, used 670720K [0x000000076ab00000, 0x000000079e800000, 0x00000007c0000000)
  eden space 670720K, 100% used [0x000000076ab00000,0x0000000793a00000,0x0000000793a00000)
  from space 48640K, 0% used [0x0000000797800000,0x0000000797800000,0x000000079a780000)
  to   space 63488K, 0% used [0x0000000793a00000,0x0000000793a00000,0x0000000797800000)
 ParOldGen       total 398336K, used 108523K [0x00000006c0000000, 0x00000006d8500000, 0x000000076ab00000)
  object space 398336K, 27% used [0x00000006c0000000,0x00000006c69faf68,0x00000006d8500000)
 Metaspace       used 45564K, capacity 46157K, committed 46808K, reserved 1089536K
  class space    used 5853K, capacity 6071K, committed 6104K, reserved 1048576K
Event: 104.556 GC heap after
Heap after GC invocations=12 (full 3):
 PSYoungGen      total 734208K, used 21190K [0x000000076ab00000, 0x00000007aba80000, 0x00000007c0000000)
  eden space 670720K, 0% used [0x000000076ab00000,0x000000076ab00000,0x0000000793a00000)
  from space 63488K, 33% used [0x0000000793a00000,0x0000000794eb1b48,0x0000000797800000)
  to   space 61440K, 0% used [0x00000007a7e80000,0x00000007a7e80000,0x00000007aba80000)
 ParOldGen       total 398336K, used 108539K [0x00000006c0000000, 0x00000006d8500000, 0x000000076ab00000)
  object space 398336K, 27% used [0x00000006c0000000,0x00000006c69fef68,0x00000006d8500000)
 Metaspace       used 45564K, capacity 46157K, committed 46808K, reserved 1089536K
  class space    used 5853K, capacity 6071K, committed 6104K, reserved 1048576K
}

