# JRE version: Java(TM) SE Runtime Environment (8.0_202-b08) (build 1.8.0_202-b08)
# Java VM: Java HotSpot(TM) 64-Bit Server VM (25.202-b08 mixed mode windows-amd64 compressed oops)
Heap:
 PSYoungGen      total 1252864K, used 405026K [0x000000076ab00000, 0x00000007bf380000, 0x00000007c0000000)
  eden space 1117696K, 30% used [0x000000076ab00000,0x000000077f885998,0x00000007aee80000)
  from space 135168K, 46% used [0x00000007b6f80000,0x00000007bad82f08,0x00000007bf380000)
  to   space 132096K, 0% used [0x00000007aee80000,0x00000007aee80000,0x00000007b6f80000)
 ParOldGen       total 415232K, used 270495K [0x00000006c0000000, 0x00000006d9580000, 0x000000076ab00000)
  object space 415232K, 65% used [0x00000006c0000000,0x00000006d0827fa0,0x00000006d9580000)
 Metaspace       used 62710K, capacity 63701K, committed 63960K, reserved 1105920K
  class space    used 7610K, capacity 7891K, committed 7896K, reserved 1048576K
GC Heap History (10 events):
Event: 2402.955 GC heap before
{Heap before GC invocations=42 (full 6):
 PSYoungGen      total 1139200K, used 1139120K [0x000000076ab00000, 0x00000007bef80000, 0x00000007c0000000)
  eden space 1073664K, 100% used [0x000000076ab00000,0x00000007ac380000,0x00000007ac380000)
  from space 65536K, 99% used [0x00000007ac380000,0x00000007b036c1b8,0x00000007b0380000)
  to   space 153600K, 0% used [0x00000007b5980000,0x00000007b5980000,0x00000007bef80000)
 ParOldGen       total 415232K, used 266706K [0x00000006c0000000, 0x00000006d9580000, 0x000000076ab00000)
  object space 415232K, 64% used [0x00000006c0000000,0x00000006d0474860,0x00000006d9580000)
 Metaspace       used 62523K, capacity 63509K, committed 63960K, reserved 1105920K
  class space    used 7605K, capacity 7891K, committed 7896K, reserved 1048576K
Event: 2403.184 GC heap after
Heap after GC invocations=42 (full 6):
 PSYoungGen      total 1231872K, used 62100K [0x000000076ab00000, 0x00000007c0000000, 0x00000007c0000000)
  eden space 1078272K, 0% used [0x000000076ab00000,0x000000076ab00000,0x00000007ac800000)
  from space 153600K, 40% used [0x00000007b5980000,0x00000007b9625310,0x00000007bef80000)
  to   space 148992K, 0% used [0x00000007ac800000,0x00000007ac800000,0x00000007b5980000)
 ParOldGen       total 415232K, used 268262K [0x00000006c0000000, 0x00000006d9580000, 0x000000076ab00000)
  object space 415232K, 64% used [0x00000006c0000000,0x00000006d05f98a8,0x00000006d9580000)
 Metaspace       used 62523K, capacity 63509K, committed 63960K, reserved 1105920K
  class space    used 7605K, capacity 7891K, committed 7896K, reserved 1048576K
}
Event: 2425.083 GC heap before
{Heap before GC invocations=43 (full 6):
 PSYoungGen      total 1231872K, used 1140372K [0x000000076ab00000, 0x00000007c0000000, 0x00000007c0000000)
  eden space 1078272K, 100% used [0x000000076ab00000,0x00000007ac800000,0x00000007ac800000)
  from space 153600K, 40% used [0x00000007b5980000,0x00000007b9625310,0x00000007bef80000)
  to   space 148992K, 0% used [0x00000007ac800000,0x00000007ac800000,0x00000007b5980000)
 ParOldGen       total 415232K, used 268262K [0x00000006c0000000, 0x00000006d9580000, 0x000000076ab00000)
  object space 415232K, 64% used [0x00000006c0000000,0x00000006d05f98a8,0x00000006d9580000)
 Metaspace       used 62587K, capacity 63573K, committed 63960K, reserved 1105920K
  class space    used 7608K, capacity 7891K, committed 7896K, reserved 1048576K
Event: 2425.150 GC heap after
Heap after GC invocations=43 (full 6):
 PSYoungGen      total 1227264K, used 60490K [0x000000076ab00000, 0x00000007bf380000, 0x00000007c0000000)
  eden space 1078272K, 0% used [0x000000076ab00000,0x000000076ab00000,0x00000007ac800000)
  from space 148992K, 40% used [0x00000007ac800000,0x00000007b0312a30,0x00000007b5980000)
  to   space 144896K, 0% used [0x00000007b6600000,0x00000007b6600000,0x00000007bf380000)
 ParOldGen       total 415232K, used 270355K [0x00000006c0000000, 0x00000006d9580000, 0x000000076ab00000)
  object space 415232K, 65% used [0x00000006c0000000,0x00000006d0804f90,0x00000006d9580000)
 Metaspace       used 62587K, capacity 63573K, committed 63960K, reserved 1105920K
  class space    used 7608K, capacity 7891K, committed 7896K, reserved 1048576K
}
Event: 2431.951 GC heap before
{Heap before GC invocations=44 (full 6):
 PSYoungGen      total 1227264K, used 1138437K [0x000000076ab00000, 0x00000007bf380000, 0x00000007c0000000)
  eden space 1078272K, 99% used [0x000000076ab00000,0x00000007ac7ae9d8,0x00000007ac800000)
  from space 148992K, 40% used [0x00000007ac800000,0x00000007b0312a30,0x00000007b5980000)
  to   space 144896K, 0% used [0x00000007b6600000,0x00000007b6600000,0x00000007bf380000)
 ParOldGen       total 415232K, used 270355K [0x00000006c0000000, 0x00000006d9580000, 0x000000076ab00000)
  object space 415232K, 65% used [0x00000006c0000000,0x00000006d0804f90,0x00000006d9580000)
 Metaspace       used 62645K, capacity 63701K, committed 63960K, reserved 1105920K
  class space    used 7608K, capacity 7891K, committed 7896K, reserved 1048576K
Event: 2432.071 GC heap after
Heap after GC invocations=44 (full 6):
 PSYoungGen      total 1244160K, used 63655K [0x000000076ab00000, 0x00000007bf300000, 0x00000007c0000000)
  eden space 1099776K, 0% used [0x000000076ab00000,0x000000076ab00000,0x00000007add00000)
  from space 144384K, 44% used [0x00000007b6600000,0x00000007ba429e98,0x00000007bf300000)
  to   space 140288K, 0% used [0x00000007add00000,0x00000007add00000,0x00000007b6600000)
 ParOldGen       total 415232K, used 270411K [0x00000006c0000000, 0x00000006d9580000, 0x000000076ab00000)
  object space 415232K, 65% used [0x00000006c0000000,0x00000006d0812f90,0x00000006d9580000)
 Metaspace       used 62645K, capacity 63701K, committed 63960K, reserved 1105920K
  class space    used 7608K, capacity 7891K, committed 7896K, reserved 1048576K
}
Event: 2435.892 GC heap before
{Heap before GC invocations=45 (full 6):
 PSYoungGen      total 1244160K, used 1163431K [0x000000076ab00000, 0x00000007bf300000, 0x00000007c0000000)
  eden space 1099776K, 100% used [0x000000076ab00000,0x00000007add00000,0x00000007add00000)
  from space 144384K, 44% used [0x00000007b6600000,0x00000007ba429e98,0x00000007bf300000)
  to   space 140288K, 0% used [0x00000007add00000,0x00000007add00000,0x00000007b6600000)
 ParOldGen       total 415232K, used 270411K [0x00000006c0000000, 0x00000006d9580000, 0x000000076ab00000)
  object space 415232K, 65% used [0x00000006c0000000,0x00000006d0812f90,0x00000006d9580000)
 Metaspace       used 62656K, capacity 63701K, committed 63960K, reserved 1105920K
  class space    used 7608K, capacity 7891K, committed 7896K, reserved 1048576K
Event: 2435.948 GC heap after
Heap after GC invocations=45 (full 6):
 PSYoungGen      total 1240064K, used 55838K [0x000000076ab00000, 0x00000007bf500000, 0x00000007c0000000)
  eden space 1099776K, 0% used [0x000000076ab00000,0x000000076ab00000,0x00000007add00000)
  from space 140288K, 39% used [0x00000007add00000,0x00000007b1387ab8,0x00000007b6600000)
  to   space 136704K, 0% used [0x00000007b6f80000,0x00000007b6f80000,0x00000007bf500000)
 ParOldGen       total 415232K, used 270443K [0x00000006c0000000, 0x00000006d9580000, 0x000000076ab00000)
  object space 415232K, 65% used [0x00000006c0000000,0x00000006d081af90,0x00000006d9580000)
 Metaspace       used 62656K, capacity 63701K, committed 63960K, reserved 1105920K
  class space    used 7608K, capacity 7891K, committed 7896K, reserved 1048576K
}
Event: 2454.924 GC heap before
{Heap before GC invocations=46 (full 6):
 PSYoungGen      total 1240064K, used 1155614K [0x000000076ab00000, 0x00000007bf500000, 0x00000007c0000000)
  eden space 1099776K, 100% used [0x000000076ab00000,0x00000007add00000,0x00000007add00000)
  from space 140288K, 39% used [0x00000007add00000,0x00000007b1387ab8,0x00000007b6600000)
  to   space 136704K, 0% used [0x00000007b6f80000,0x00000007b6f80000,0x00000007bf500000)
 ParOldGen       total 415232K, used 270443K [0x00000006c0000000, 0x00000006d9580000, 0x000000076ab00000)
  object space 415232K, 65% used [0x00000006c0000000,0x00000006d081af90,0x00000006d9580000)
 Metaspace       used 62697K, capacity 63701K, committed 63960K, reserved 1105920K
  class space    used 7610K, capacity 7891K, committed 7896K, reserved 1048576K
Event: 2455.032 GC heap after
Heap after GC invocations=46 (full 6):
 PSYoungGen      total 1252864K, used 63499K [0x000000076ab00000, 0x00000007bf380000, 0x00000007c0000000)
  eden space 1117696K, 0% used [0x000000076ab00000,0x000000076ab00000,0x00000007aee80000)
  from space 135168K, 46% used [0x00000007b6f80000,0x00000007bad82f08,0x00000007bf380000)
  to   space 132096K, 0% used [0x00000007aee80000,0x00000007aee80000,0x00000007b6f80000)
 ParOldGen       total 415232K, used 270495K [0x00000006c0000000, 0x00000006d9580000, 0x000000076ab00000)
  object space 415232K, 65% used [0x00000006c0000000,0x00000006d0827fa0,0x00000006d9580000)
 Metaspace       used 62697K, capacity 63701K, committed 63960K, reserved 1105920K
  class space    used 7610K, capacity 7891K, committed 7896K, reserved 1048576K
}

