# JRE version: Java(TM) SE Runtime Environment (8.0_202-b08) (build 1.8.0_202-b08)
# Java VM: Java HotSpot(TM) 64-Bit Server VM (25.202-b08 mixed mode windows-amd64 compressed oops)
Heap:
 PSYoungGen      total 786432K, used 622204K [0x000000076ab00000, 0x00000007b3e80000, 0x00000007c0000000)
  eden space 723456K, 82% used [0x000000076ab00000,0x000000078f4c8340,0x0000000796d80000)
  from space 62976K, 35% used [0x0000000796d80000,0x0000000798356e88,0x000000079ab00000)
  to   space 60928K, 0% used [0x00000007b0300000,0x00000007b0300000,0x00000007b3e80000)
 ParOldGen       total 375296K, used 108676K [0x00000006c0000000, 0x00000006d6e80000, 0x000000076ab00000)
  object space 375296K, 28% used [0x00000006c0000000,0x00000006c6a21258,0x00000006d6e80000)
 Metaspace       used 49814K, capacity 50501K, committed 50904K, reserved 1093632K
  class space    used 6350K, capacity 6575K, committed 6616K, reserved 1048576K
GC Heap History (10 events):
Event: 15.632 GC heap before
{Heap before GC invocations=8 (full 2):
 PSYoungGen      total 284672K, used 263168K [0x000000076ab00000, 0x000000078d700000, 0x00000007c0000000)
  eden space 263168K, 100% used [0x000000076ab00000,0x000000077ac00000,0x000000077ac00000)
  from space 21504K, 0% used [0x000000077ac00000,0x000000077ac00000,0x000000077c100000)
  to   space 21504K, 0% used [0x000000078c200000,0x000000078c200000,0x000000078d700000)
 ParOldGen       total 349696K, used 45924K [0x00000006c0000000, 0x00000006d5580000, 0x000000076ab00000)
  object space 349696K, 13% used [0x00000006c0000000,0x00000006c2cd9110,0x00000006d5580000)
 Metaspace       used 25428K, capacity 25860K, committed 26072K, reserved 1073152K
  class space    used 3158K, capacity 3280K, committed 3288K, reserved 1048576K
Event: 15.689 GC heap after
Heap after GC invocations=8 (full 2):
 PSYoungGen      total 458240K, used 12458K [0x000000076ab00000, 0x000000078ce80000, 0x00000007c0000000)
  eden space 445440K, 0% used [0x000000076ab00000,0x000000076ab00000,0x0000000785e00000)
  from space 12800K, 97% used [0x000000078c200000,0x000000078ce2aae8,0x000000078ce80000)
  to   space 48640K, 0% used [0x0000000786f80000,0x0000000786f80000,0x0000000789f00000)
 ParOldGen       total 349696K, used 45932K [0x00000006c0000000, 0x00000006d5580000, 0x000000076ab00000)
  object space 349696K, 13% used [0x00000006c0000000,0x00000006c2cdb110,0x00000006d5580000)
 Metaspace       used 25428K, capacity 25860K, committed 26072K, reserved 1073152K
  class space    used 3158K, capacity 3280K, committed 3288K, reserved 1048576K
}
Event: 20.094 GC heap before
{Heap before GC invocations=9 (full 2):
 PSYoungGen      total 458240K, used 457898K [0x000000076ab00000, 0x000000078ce80000, 0x00000007c0000000)
  eden space 445440K, 100% used [0x000000076ab00000,0x0000000785e00000,0x0000000785e00000)
  from space 12800K, 97% used [0x000000078c200000,0x000000078ce2aae8,0x000000078ce80000)
  to   space 48640K, 0% used [0x0000000786f80000,0x0000000786f80000,0x0000000789f00000)
 ParOldGen       total 349696K, used 45932K [0x00000006c0000000, 0x00000006d5580000, 0x000000076ab00000)
  object space 349696K, 13% used [0x00000006c0000000,0x00000006c2cdb110,0x00000006d5580000)
 Metaspace       used 31363K, capacity 31726K, committed 32216K, reserved 1077248K
  class space    used 4317K, capacity 4445K, committed 4568K, reserved 1048576K
Event: 20.172 GC heap after
Heap after GC invocations=9 (full 2):
 PSYoungGen      total 512000K, used 30602K [0x000000076ab00000, 0x000000079da00000, 0x00000007c0000000)
  eden space 463360K, 0% used [0x000000076ab00000,0x000000076ab00000,0x0000000786f80000)
  from space 48640K, 62% used [0x0000000786f80000,0x0000000788d62898,0x0000000789f00000)
  to   space 48128K, 0% used [0x000000079ab00000,0x000000079ab00000,0x000000079da00000)
 ParOldGen       total 349696K, used 45940K [0x00000006c0000000, 0x00000006d5580000, 0x000000076ab00000)
  object space 349696K, 13% used [0x00000006c0000000,0x00000006c2cdd110,0x00000006d5580000)
 Metaspace       used 31363K, capacity 31726K, committed 32216K, reserved 1077248K
  class space    used 4317K, capacity 4445K, committed 4568K, reserved 1048576K
}
Event: 29.229 GC heap before
{Heap before GC invocations=10 (full 2):
 PSYoungGen      total 512000K, used 423085K [0x000000076ab00000, 0x000000079da00000, 0x00000007c0000000)
  eden space 463360K, 84% used [0x000000076ab00000,0x0000000782a48c48,0x0000000786f80000)
  from space 48640K, 62% used [0x0000000786f80000,0x0000000788d62898,0x0000000789f00000)
  to   space 48128K, 0% used [0x000000079ab00000,0x000000079ab00000,0x000000079da00000)
 ParOldGen       total 349696K, used 45940K [0x00000006c0000000, 0x00000006d5580000, 0x000000076ab00000)
  object space 349696K, 13% used [0x00000006c0000000,0x00000006c2cdd110,0x00000006d5580000)
 Metaspace       used 36898K, capacity 37325K, committed 37696K, reserved 1081344K
  class space    used 4886K, capacity 5023K, committed 5080K, reserved 1048576K
Event: 29.519 GC heap after
Heap after GC invocations=10 (full 2):
 PSYoungGen      total 771584K, used 48126K [0x000000076ab00000, 0x00000007a1280000, 0x00000007c0000000)
  eden space 723456K, 0% used [0x000000076ab00000,0x000000076ab00000,0x0000000796d80000)
  from space 48128K, 99% used [0x000000079ab00000,0x000000079d9ffa28,0x000000079da00000)
  to   space 62976K, 0% used [0x0000000796d80000,0x0000000796d80000,0x000000079ab00000)
 ParOldGen       total 349696K, used 63950K [0x00000006c0000000, 0x00000006d5580000, 0x000000076ab00000)
  object space 349696K, 18% used [0x00000006c0000000,0x00000006c3e73868,0x00000006d5580000)
 Metaspace       used 36898K, capacity 37325K, committed 37696K, reserved 1081344K
  class space    used 4886K, capacity 5023K, committed 5080K, reserved 1048576K
}
Event: 29.519 GC heap before
{Heap before GC invocations=11 (full 3):
 PSYoungGen      total 771584K, used 48126K [0x000000076ab00000, 0x00000007a1280000, 0x00000007c0000000)
  eden space 723456K, 0% used [0x000000076ab00000,0x000000076ab00000,0x0000000796d80000)
  from space 48128K, 99% used [0x000000079ab00000,0x000000079d9ffa28,0x000000079da00000)
  to   space 62976K, 0% used [0x0000000796d80000,0x0000000796d80000,0x000000079ab00000)
 ParOldGen       total 349696K, used 63950K [0x00000006c0000000, 0x00000006d5580000, 0x000000076ab00000)
  object space 349696K, 18% used [0x00000006c0000000,0x00000006c3e73868,0x00000006d5580000)
 Metaspace       used 36898K, capacity 37325K, committed 37696K, reserved 1081344K
  class space    used 4886K, capacity 5023K, committed 5080K, reserved 1048576K
Event: 30.145 GC heap after
Heap after GC invocations=11 (full 3):
 PSYoungGen      total 771584K, used 0K [0x000000076ab00000, 0x00000007a1280000, 0x00000007c0000000)
  eden space 723456K, 0% used [0x000000076ab00000,0x000000076ab00000,0x0000000796d80000)
  from space 48128K, 0% used [0x000000079ab00000,0x000000079ab00000,0x000000079da00000)
  to   space 62976K, 0% used [0x0000000796d80000,0x0000000796d80000,0x000000079ab00000)
 ParOldGen       total 375296K, used 108660K [0x00000006c0000000, 0x00000006d6e80000, 0x000000076ab00000)
  object space 375296K, 28% used [0x00000006c0000000,0x00000006c6a1d258,0x00000006d6e80000)
 Metaspace       used 36898K, capacity 37325K, committed 37696K, reserved 1081344K
  class space    used 4886K, capacity 5023K, committed 5080K, reserved 1048576K
}
Event: 54.930 GC heap before
{Heap before GC invocations=12 (full 3):
 PSYoungGen      total 771584K, used 723456K [0x000000076ab00000, 0x00000007a1280000, 0x00000007c0000000)
  eden space 723456K, 100% used [0x000000076ab00000,0x0000000796d80000,0x0000000796d80000)
  from space 48128K, 0% used [0x000000079ab00000,0x000000079ab00000,0x000000079da00000)
  to   space 62976K, 0% used [0x0000000796d80000,0x0000000796d80000,0x000000079ab00000)
 ParOldGen       total 375296K, used 108660K [0x00000006c0000000, 0x00000006d6e80000, 0x000000076ab00000)
  object space 375296K, 28% used [0x00000006c0000000,0x00000006c6a1d258,0x00000006d6e80000)
 Metaspace       used 45554K, capacity 46161K, committed 46808K, reserved 1089536K
  class space    used 5852K, capacity 6071K, committed 6104K, reserved 1048576K
Event: 55.000 GC heap after
Heap after GC invocations=12 (full 3):
 PSYoungGen      total 786432K, used 22363K [0x000000076ab00000, 0x00000007b3e80000, 0x00000007c0000000)
  eden space 723456K, 0% used [0x000000076ab00000,0x000000076ab00000,0x0000000796d80000)
  from space 62976K, 35% used [0x0000000796d80000,0x0000000798356e88,0x000000079ab00000)
  to   space 60928K, 0% used [0x00000007b0300000,0x00000007b0300000,0x00000007b3e80000)
 ParOldGen       total 375296K, used 108676K [0x00000006c0000000, 0x00000006d6e80000, 0x000000076ab00000)
  object space 375296K, 28% used [0x00000006c0000000,0x00000006c6a21258,0x00000006d6e80000)
 Metaspace       used 45554K, capacity 46161K, committed 46808K, reserved 1089536K
  class space    used 5852K, capacity 6071K, committed 6104K, reserved 1048576K
}

